<?xml version="1.0" encoding="UTF-8"?>
<testng-results ignored="0" total="1" passed="1" failed="0" skipped="0">
  <reporter-output>
  </reporter-output>
  <suite started-at="2023-06-19T01:04:37 EDT" name="Default suite" finished-at="2023-06-19T01:04:57 EDT" duration-ms="20473">
    <groups>
    </groups>
    <test started-at="2023-06-19T01:04:37 EDT" name="Default test" finished-at="2023-06-19T01:04:57 EDT" duration-ms="20473">
      <class name="com.nopcommerce.AutomationFramework2.Tests.CheckOutTest">
        <test-method is-config="true" signature="setUp()[pri:0, instance:com.nopcommerce.AutomationFramework2.Tests.CheckOutTest@1a4013]" started-at="2023-06-19T01:04:37 EDT" name="setUp" finished-at="2023-06-19T01:04:44 EDT" duration-ms="7373" status="PASS">
          <reporter-output>
          </reporter-output>
        </test-method> <!-- setUp -->
        <test-method signature="validatePlaceOrderCheckoutProcess()[pri:0, instance:com.nopcommerce.AutomationFramework2.Tests.CheckOutTest@1a4013]" started-at="2023-06-19T01:04:44 EDT" name="validatePlaceOrderCheckoutProcess" finished-at="2023-06-19T01:04:57 EDT" duration-ms="13016" status="PASS">
          <reporter-output>
          </reporter-output>
        </test-method> <!-- validatePlaceOrderCheckoutProcess -->
      </class> <!-- com.nopcommerce.AutomationFramework2.Tests.CheckOutTest -->
    </test> <!-- Default test -->
  </suite> <!-- Default suite -->
</testng-results>
